
> @devtoolkit/web@0.1.0 build D:\b2bsaasaiapp\apps\web
> next build

Attention: Next.js now collects completely anonymous telemetry regarding usage.
This information is used to shape Next.js' roadmap and prioritize features.
You can learn more, including how to opt-out if you'd not like to participate in this anonymous program, by visiting the following URL:
https://nextjs.org/telemetry

   ▲ Next.js 15.5.19
   - Environments: .env.local

   Creating an optimized production build ...
 ✓ Compiled successfully in 13.0s
   Linting and checking validity of types ...
   Collecting page data ...
   Generating static pages (0/4) ...
   Generating static pages (1/4) 
   Generating static pages (2/4) 
   Generating static pages (3/4) 
 ✓ Generating static pages (4/4)
   Finalizing page optimization ...
   Collecting build traces ...

Route (app)                                 Size  First Load JS
┌ ○ /                                      123 B         102 kB
└ ○ /_not-found                            991 B         103 kB
+ First Load JS shared by all             102 kB
  ├ chunks/4557610a-fefa5be19e77ed4a.js  54.2 kB
  ├ chunks/785-778584e14f2dca51.js       45.8 kB
  └ other shared chunks (total)          1.97 kB


○  (Static)  prerendered as static content

